<?xml version="1.0" encoding="UTF-8"?>
<!-- Generated by org.testng.reporters.JUnitReportReporter -->
<testsuite hostname="DESKTOP-QH9G3VJ" failures="0" tests="2" name="Fabulate.Fabulate.ApplyPitch" time="40.370" errors="0" timestamp="2021-04-30T18:40:53 IST" skipped="0">
  <testcase classname="Fabulate.Fabulate.ApplyPitch" name="LoginasCreator" time="21.961"/>
  <system-out/>
  <testcase classname="Fabulate.Fabulate.ApplyPitch" name="ApplyaPitch" time="18.409"/>
  <system-out/>
</testsuite> <!-- Fabulate.Fabulate.ApplyPitch -->
