<?xml version="1.0" encoding="UTF-8"?>
<!-- Generated by org.testng.reporters.JUnitReportReporter -->
<testsuite hostname="DESKTOP-QH9G3VJ" failures="0" tests="2" name="Fabulate.Fabulate.CreateBrief" time="62.414" errors="0" timestamp="2021-04-30T18:40:53 IST" skipped="0">
  <testcase classname="Fabulate.Fabulate.CreateBrief" name="LoginasBuyer" time="15.289"/>
  <system-out/>
  <testcase classname="Fabulate.Fabulate.CreateBrief" name="CreateaBrief" time="47.125"/>
  <system-out/>
</testsuite> <!-- Fabulate.Fabulate.CreateBrief -->
